\BOOKMARK [1][-]{section.1}{\376\377\000B\000a\000s\000i\000c\000\040\000D\000e\000f\000i\000n\000i\000t\000i\000o\000n\000s}{}% 1
\BOOKMARK [2][-]{subsection.1.1}{\376\377\000S\000k\000i\000l\000l\000\040\000S\000e\000t\000s}{section.1}% 2
\BOOKMARK [2][-]{subsection.1.2}{\376\377\000S\000k\000i\000l\000l\000\040\000S\000e\000t\000\040\000N\000o\000r\000m\000a\000l\000i\000z\000a\000t\000i\000o\000n}{section.1}% 3
\BOOKMARK [2][-]{subsection.1.3}{\376\377\000P\000r\000e\000f\000e\000r\000e\000n\000c\000e\000s}{section.1}% 4
\BOOKMARK [1][-]{section.2}{\376\377\000B\000a\000s\000i\000c\000\040\000S\000k\000i\000l\000l\000\040\000S\000e\000t\000\040\000M\000o\000d\000e\000l\000s}{}% 5
\BOOKMARK [2][-]{subsection.2.1}{\376\377\000S\000k\000i\000l\000l\000\040\000S\000e\000t\000\040\000G\000e\000n\000e\000r\000a\000l\000i\000t\000y}{section.2}% 6
\BOOKMARK [2][-]{subsection.2.2}{\376\377\000A\000t\000t\000r\000i\000b\000u\000t\000e\000\040\000E\000q\000u\000i\000v\000a\000l\000e\000n\000c\000e}{section.2}% 7
\BOOKMARK [2][-]{subsection.2.3}{\376\377\000S\000k\000i\000l\000l\000\040\000S\000e\000t\000\040\000C\000o\000m\000p\000e\000t\000e\000n\000c\000e}{section.2}% 8
\BOOKMARK [1][-]{section.3}{\376\377\000A\000d\000d\000i\000t\000i\000o\000n\000a\000l\000\040\000D\000e\000f\000i\000n\000i\000t\000i\000o\000n\000s}{}% 9
\BOOKMARK [2][-]{subsection.3.1}{\376\377\000F\000u\000n\000d\000a\000m\000e\000n\000t\000a\000l\000\040\000A\000x\000i\000o\000m\000s}{section.3}% 10
\BOOKMARK [3][-]{subsubsection.3.1.1}{\376\377\000S\000k\000i\000l\000l\000\040\000S\000e\000t\000\040\000S\000u\000f\000f\000i\000c\000i\000e\000n\000c\000y\000\040\000A\000x\000i\000o\000m}{subsection.3.1}% 11
\BOOKMARK [3][-]{subsubsection.3.1.2}{\376\377\000S\000k\000i\000l\000l\000\040\000S\000e\000t\000\040\000C\000o\000m\000p\000o\000s\000i\000t\000i\000o\000n\000\040\000A\000x\000i\000o\000m}{subsection.3.1}% 12
\BOOKMARK [2][-]{subsection.3.2}{\376\377\000O\000c\000c\000u\000p\000a\000t\000i\000o\000n\000a\000l\000\040\000A\000x\000i\000o\000m\000s}{section.3}% 13
\BOOKMARK [3][-]{subsubsection.3.2.1}{\376\377\000O\000c\000c\000u\000p\000a\000t\000i\000o\000n\000a\000l\000\040\000R\000e\000d\000u\000c\000i\000b\000i\000l\000i\000t\000y\000\040\000A\000x\000i\000o\000m}{subsection.3.2}% 14
\BOOKMARK [3][-]{subsubsection.3.2.2}{\376\377\000O\000c\000c\000u\000p\000a\000t\000i\000o\000n\000a\000l\000\040\000D\000i\000v\000i\000s\000i\000b\000i\000l\000i\000t\000y\000\040\000A\000x\000i\000o\000m}{subsection.3.2}% 15
\BOOKMARK [3][-]{subsubsection.3.2.3}{\376\377\000O\000c\000c\000u\000p\000a\000t\000i\000o\000n\000a\000l\000\040\000H\000i\000r\000e\000a\000b\000i\000l\000i\000t\000y\000\040\000A\000x\000i\000o\000m}{subsection.3.2}% 16
\BOOKMARK [3][-]{subsubsection.3.2.4}{\376\377\000O\000c\000c\000u\000p\000a\000t\000i\000o\000n\000a\000l\000\040\000A\000g\000g\000r\000e\000g\000a\000t\000i\000o\000n\000\040\000A\000x\000i\000o\000m}{subsection.3.2}% 17
\BOOKMARK [1][-]{section.4}{\376\377\000C\000o\000m\000p\000a\000r\000a\000t\000i\000v\000e\000\040\000M\000o\000d\000e\000l\000s}{}% 18
\BOOKMARK [2][-]{subsection.4.1}{\376\377\000P\000a\000i\000r\000w\000i\000s\000e\000\040\000C\000o\000m\000p\000a\000r\000a\000t\000i\000v\000e\000\040\000M\000o\000d\000e\000l\000s}{section.4}% 19
\BOOKMARK [3][-]{subsubsection.4.1.1}{\376\377\000S\000i\000m\000i\000l\000a\000r\000i\000t\000y}{subsection.4.1}% 20
\BOOKMARK [3][-]{subsubsection.4.1.2}{\376\377\000Q\000u\000a\000l\000i\000f\000i\000c\000a\000t\000i\000o\000n}{subsection.4.1}% 21
\BOOKMARK [3][-]{subsubsection.4.1.3}{\376\377\000I\000n\000t\000e\000r\000c\000h\000a\000n\000g\000e\000a\000b\000i\000l\000i\000t\000y}{subsection.4.1}% 22
\BOOKMARK [3][-]{subsubsection.4.1.4}{\376\377\000E\000d\000u\000c\000a\000t\000i\000o\000n\000\040\000a\000n\000d\000\040\000E\000x\000p\000e\000r\000i\000e\000n\000c\000e\000\040\000E\000q\000u\000i\000v\000a\000l\000e\000n\000c\000e}{subsection.4.1}% 23
\BOOKMARK [3][-]{subsubsection.4.1.5}{\376\377\000H\000i\000r\000e\000a\000b\000i\000l\000i\000t\000y}{subsection.4.1}% 24
\BOOKMARK [3][-]{subsubsection.4.1.6}{\376\377\000U\000t\000i\000l\000i\000t\000y\000\040\000E\000q\000u\000i\000v\000a\000l\000e\000n\000c\000e}{subsection.4.1}% 25
\BOOKMARK [2][-]{subsection.4.2}{\376\377\000A\000g\000g\000r\000e\000g\000a\000t\000e\000\040\000C\000o\000m\000p\000a\000r\000a\000t\000i\000v\000e\000\040\000M\000o\000d\000e\000l\000s}{section.4}% 26
\BOOKMARK [3][-]{subsubsection.4.2.1}{\376\377\000E\000m\000p\000l\000o\000y\000a\000b\000i\000l\000i\000t\000y}{subsection.4.2}% 27
\BOOKMARK [3][-]{subsubsection.4.2.2}{\376\377\000C\000o\000m\000p\000e\000t\000i\000t\000i\000v\000e\000n\000e\000s\000s}{subsection.4.2}% 28
\BOOKMARK [2][-]{subsection.4.3}{\376\377\000L\000a\000b\000o\000r\000\040\000E\000c\000o\000n\000o\000m\000i\000c\000\040\000M\000o\000d\000e\000l\000s}{section.4}% 29
\BOOKMARK [3][-]{subsubsection.4.3.1}{\376\377\000E\000c\000o\000n\000o\000m\000i\000c\000\040\000T\000a\000x\000o\000n\000o\000m\000y}{subsection.4.3}% 30
\BOOKMARK [3][-]{subsubsection.4.3.2}{\376\377\000C\000o\000m\000p\000e\000t\000i\000t\000i\000o\000n\000\040\000i\000n\000\040\000L\000a\000b\000o\000r\000\040\000M\000a\000r\000k\000e\000t\000s}{subsection.4.3}% 31
\BOOKMARK [1][-]{section.5}{\376\377\000M\000i\000c\000r\000o\000e\000c\000o\000n\000o\000m\000i\000c\000\040\000M\000o\000d\000e\000l\000s}{}% 32
\BOOKMARK [2][-]{subsection.5.1}{\376\377\000M\000a\000r\000g\000i\000n\000a\000l\000\040\000H\000u\000m\000a\000n\000\040\000C\000a\000p\000i\000t\000a\000l\000\040\000M\000o\000d\000e\000l\000s}{section.5}% 33
\BOOKMARK [3][-]{subsubsection.5.1.1}{\376\377\000M\000a\000r\000g\000i\000n\000a\000l\000\040\000C\000o\000m\000p\000e\000n\000s\000a\000t\000i\000o\000n\000\040\000o\000r\000\040\000M\000a\000r\000k\000e\000t\000\040\000P\000r\000i\000c\000e\000s}{subsection.5.1}% 34
\BOOKMARK [3][-]{subsubsection.5.1.2}{\376\377\000M\000a\000r\000g\000i\000n\000a\000l\000\040\000T\000i\000m\000e\000\040\000I\000n\000v\000e\000s\000t\000m\000e\000n\000t}{subsection.5.1}% 35
\BOOKMARK [3][-]{subsubsection.5.1.3}{\376\377\000M\000i\000c\000r\000o\000-\000F\000l\000e\000x\000i\000b\000i\000l\000i\000t\000y}{subsection.5.1}% 36
\BOOKMARK [2][-]{subsection.5.2}{\376\377\000A\000g\000g\000r\000e\000g\000a\000t\000e\000\040\000H\000u\000m\000a\000n\000\040\000C\000a\000p\000i\000t\000a\000l\000\040\000M\000o\000d\000e\000l\000s}{section.5}% 37
\BOOKMARK [3][-]{subsubsection.5.2.1}{\376\377\000S\000k\000i\000l\000l\000\040\000S\000e\000t\000\040\000V\000a\000l\000u\000e}{subsection.5.2}% 38
\BOOKMARK [3][-]{subsubsection.5.2.2}{\376\377\000M\000a\000c\000r\000o\000-\000F\000l\000e\000x\000i\000b\000i\000l\000i\000t\000y}{subsection.5.2}% 39
\BOOKMARK [1][-]{section.6}{\376\377\000A\000d\000d\000i\000t\000i\000o\000n\000a\000l\000\040\000C\000o\000m\000p\000a\000r\000a\000t\000i\000v\000e\000\040\000M\000o\000d\000e\000l\000s}{}% 40
\BOOKMARK [2][-]{subsection.6.1}{\376\377\000T\000o\000t\000a\000l\000\040\000T\000i\000m\000e\000\040\000I\000n\000v\000e\000s\000t\000m\000e\000n\000t\000\040\000\050\000E\000T\000A\000\051}{section.6}% 41
\BOOKMARK [2][-]{subsection.6.2}{\376\377\000L\000e\000t\000t\000e\000r\000-\000S\000h\000a\000p\000e\000d\000\040\000S\000k\000i\000l\000l\000\040\000S\000e\000t\000s}{section.6}% 42
\BOOKMARK [1][-]{section.7}{\376\377\000A\000d\000d\000i\000t\000i\000o\000n\000a\000l\000\040\000S\000k\000i\000l\000l\000\040\000S\000e\000t\000\040\000M\000o\000d\000e\000l\000s}{}% 43
\BOOKMARK [2][-]{subsection.7.1}{\376\377\000V\000e\000r\000s\000a\000t\000i\000l\000i\000t\000y}{section.7}% 44
\BOOKMARK [2][-]{subsection.7.2}{\376\377\000L\000e\000v\000e\000r\000a\000g\000e\000?\000\040\000[\000a\000g\000g\000r\000e\000g\000a\000t\000e\000\040\000m\000i\000c\000r\000o\000-\000f\000l\000e\000x\000i\000b\000i\000l\000i\000t\000y\000]}{section.7}% 45
\BOOKMARK [1][-]{section.8}{\376\377\000R\000o\000a\000d\000m\000a\000p\000\040\000M\000o\000d\000e\000l\000s}{}% 46
\BOOKMARK [2][-]{subsection.8.1}{\376\377\000C\000a\000r\000e\000e\000r\000\040\000R\000e\000c\000o\000m\000m\000e\000n\000d\000a\000t\000i\000o\000n}{section.8}% 47
\BOOKMARK [3][-]{subsubsection.8.1.1}{\376\377\000M\000a\000c\000r\000o\000-\000S\000t\000r\000a\000t\000e\000g\000i\000e\000s}{subsection.8.1}% 48
\BOOKMARK [3][-]{subsubsection.8.1.2}{\376\377\000P\000r\000e\000f\000e\000r\000e\000n\000c\000e\000-\000A\000d\000j\000u\000s\000t\000e\000d\000\040\000S\000t\000r\000a\000t\000e\000g\000i\000c\000\040\000M\000a\000t\000c\000h\000i\000n\000g}{subsection.8.1}% 49
\BOOKMARK [2][-]{subsection.8.2}{\376\377\000C\000o\000m\000p\000e\000t\000e\000n\000c\000y\000\040\000T\000r\000a\000i\000n\000i\000n\000g\000\040\000R\000e\000c\000o\000m\000m\000e\000n\000d\000a\000t\000i\000o\000n}{section.8}% 50
\BOOKMARK [3][-]{subsubsection.8.2.1}{\376\377\000M\000i\000c\000r\000o\000-\000S\000t\000r\000a\000t\000e\000g\000i\000e\000s}{subsection.8.2}% 51
\BOOKMARK [3][-]{subsubsection.8.2.2}{\376\377\000P\000r\000e\000f\000e\000r\000e\000n\000c\000e\000-\000A\000d\000j\000u\000s\000t\000e\000d\000\040\000S\000t\000r\000a\000t\000e\000g\000i\000c\000\040\000T\000r\000a\000i\000n\000i\000n\000g}{subsection.8.2}% 52
\BOOKMARK [1][-]{section.9}{\376\377\000F\000a\000c\000t\000o\000r\000-\000A\000n\000a\000l\000y\000t\000i\000c\000\040\000M\000o\000d\000e\000l\000s}{}% 53
\BOOKMARK [2][-]{subsection.9.1}{\376\377\000E\000x\000p\000l\000o\000r\000a\000t\000o\000r\000y\000\040\000F\000a\000c\000t\000o\000r\000\040\000A\000n\000a\000l\000y\000s\000i\000s\000\040\000o\000f\000\040\000t\000h\000e\000\040\000O\000*\000N\000E\000T\000\040\000D\000a\000t\000a\000b\000a\000s\000e}{section.9}% 54
\BOOKMARK [2][-]{subsection.9.2}{\376\377\000P\000s\000y\000c\000h\000o\000m\000e\000t\000r\000i\000c\000\040\000Q\000u\000e\000s\000t\000i\000o\000n\000n\000a\000i\000r\000e\000\040\000O\000p\000t\000i\000m\000i\000z\000a\000t\000i\000o\000n}{section.9}% 55
\BOOKMARK [3][-]{subsubsection.9.2.1}{\376\377\000M\000i\000n\000i\000m\000a\000l\000\040\000F\000a\000c\000t\000o\000r\000\040\000R\000e\000p\000r\000e\000s\000e\000n\000t\000a\000t\000i\000o\000n}{subsection.9.2}% 56
\BOOKMARK [3][-]{subsubsection.9.2.2}{\376\377\000R\000e\000t\000a\000i\000n\000e\000d\000\040\000V\000a\000r\000i\000a\000n\000c\000e}{subsection.9.2}% 57
\BOOKMARK [3][-]{subsubsection.9.2.3}{\376\377\000R\000e\000t\000a\000i\000n\000e\000d\000\040\000M\000a\000t\000c\000h\000i\000n\000g\000\040\000A\000c\000c\000u\000r\000a\000c\000y\000\040\000a\000n\000d\000\040\000P\000r\000e\000c\000i\000s\000i\000o\000n}{subsection.9.2}% 58
\BOOKMARK [2][-]{subsection.9.3}{\376\377\000F\000a\000c\000t\000o\000r\000-\000A\000n\000a\000l\000y\000t\000i\000c\000\040\000I\000n\000t\000e\000l\000l\000i\000g\000e\000n\000c\000e\000\040\000Q\000u\000o\000t\000i\000e\000n\000t\000\040\000\050\000I\000Q\000\051\000\040\000A\000p\000p\000r\000o\000x\000i\000m\000a\000t\000i\000o\000n}{section.9}% 59
\BOOKMARK [2][-]{subsection.9.4}{\376\377\000F\000a\000c\000t\000o\000r\000-\000A\000n\000a\000l\000y\000t\000i\000c\000\040\000C\000o\000m\000p\000a\000r\000a\000t\000i\000v\000e\000\040\000S\000t\000a\000t\000i\000c\000s}{section.9}% 60
\BOOKMARK [3][-]{subsubsection.9.4.1}{\376\377\000U\000n\000b\000o\000u\000n\000d\000e\000d\000\040\000E\000x\000o\000g\000e\000n\000o\000u\000s\000\040\000I\000m\000p\000a\000c\000t\000s}{subsection.9.4}% 61
\BOOKMARK [3][-]{subsubsection.9.4.2}{\376\377\000T\000r\000u\000n\000c\000a\000t\000e\000d\000\040\000E\000x\000o\000g\000e\000n\000o\000u\000s\000\040\000I\000m\000p\000a\000c\000t\000s}{subsection.9.4}% 62
\BOOKMARK [2][-]{subsection.9.5}{\376\377\000C\000a\000r\000e\000e\000r\000\040\000T\000y\000p\000e}{section.9}% 63
\BOOKMARK [1][-]{section.10}{\376\377\000W\000r\000i\000t\000i\000n\000g\000\040\000P\000l\000a\000n}{}% 64
\BOOKMARK [2][-]{subsection.10.1}{\376\377\000I\000n\000t\000r\000o\000d\000u\000c\000t\000i\000o\000n\000\040\000t\000o\000\040\000Q\000u\000a\000n\000t\000i\000t\000a\000t\000i\000v\000e\000\040\000C\000a\000r\000e\000e\000r\000\040\000M\000a\000t\000c\000h\000i\000n\000g\000:\000\040\000H\000o\000w\000\040\000t\000o\000\040\000S\000t\000a\000t\000i\000s\000t\000i\000c\000a\000l\000l\000y\000\040\000P\000i\000c\000k\000\040\000t\000h\000e\000\040\000R\000i\000g\000h\000t\000\040\000O\000c\000c\000u\000p\000a\000t\000i\000o\000n}{section.10}% 65
\BOOKMARK [2][-]{subsection.10.2}{\376\377\000E\000q\000u\000i\000v\000a\000l\000e\000n\000c\000e\000\040\000E\000s\000t\000i\000m\000a\000t\000o\000r\000s\000\040\000f\000o\000r\000\040\000Q\000u\000a\000n\000t\000i\000t\000a\000t\000i\000v\000e\000\040\000C\000a\000r\000e\000e\000r\000\040\000M\000a\000t\000c\000h\000i\000n\000g}{section.10}% 66
\BOOKMARK [2][-]{subsection.10.3}{\376\377\000G\000e\000n\000e\000r\000a\000l\000i\000s\000t\000s\000\040\000v\000s\000\040\000S\000p\000e\000c\000i\000a\000l\000i\000s\000t\000s\000:\000\040\000W\000h\000o\000\040\000A\000r\000e\000\040\000t\000h\000e\000\040\000M\000o\000s\000t\000\040\000C\000o\000m\000p\000e\000t\000e\000n\000t\000\040\000W\000o\000r\000k\000e\000r\000s\000?}{section.10}% 67
\BOOKMARK [2][-]{subsection.10.4}{\376\377\000A\000l\000t\000e\000r\000n\000a\000t\000i\000v\000e\000/\000A\000d\000v\000a\000n\000c\000e\000d\000\040\000C\000a\000r\000e\000e\000r\000\040\000M\000a\000t\000c\000h\000i\000n\000g\000\040\000M\000e\000t\000h\000o\000d\000s}{section.10}% 68
\BOOKMARK [2][-]{subsection.10.5}{\376\377\000E\000m\000p\000l\000o\000y\000a\000b\000i\000l\000i\000t\000y\000\040\000a\000n\000d\000\040\000C\000o\000m\000p\000e\000t\000i\000t\000i\000v\000e\000n\000e\000s\000s}{section.10}% 69
\BOOKMARK [2][-]{subsection.10.6}{\376\377\000A\000\040\000H\000i\000e\000r\000a\000r\000c\000h\000i\000c\000a\000l\000\040\000C\000l\000u\000s\000t\000e\000r\000i\000n\000g\000\040\000L\000a\000b\000o\000r\000\040\000M\000a\000r\000k\000e\000t\000\040\000T\000a\000x\000o\000n\000o\000m\000y}{section.10}% 70
\BOOKMARK [2][-]{subsection.10.7}{\376\377\000C\000o\000m\000p\000e\000t\000i\000t\000i\000o\000n\000\040\000i\000n\000\040\000L\000a\000b\000o\000r\000\040\000M\000a\000r\000k\000e\000t\000s}{section.10}% 71
\BOOKMARK [2][-]{subsection.10.8}{\376\377\000H\000u\000m\000a\000n\000\040\000C\000a\000p\000i\000t\000a\000l\000\040\000F\000l\000e\000x\000i\000b\000i\000l\000i\000t\000y}{section.10}% 72
\BOOKMARK [2][-]{subsection.10.9}{\376\377\000T\000i\000m\000e\000\040\000I\000n\000v\000e\000s\000t\000m\000e\000n\000t\000\040\000a\000n\000d\000\040\000E\000x\000p\000e\000c\000t\000e\000d\000\040\000R\000e\000t\000u\000r\000n\000s\000\040\000o\000f\000\040\000H\000u\000m\000a\000n\000\040\000C\000a\000p\000i\000t\000a\000l}{section.10}% 73
\BOOKMARK [2][-]{subsection.10.10}{\376\377\000T\000h\000e\000\040\000C\000a\000r\000e\000e\000r\000\040\000R\000o\000a\000d\000m\000a\000p\000:\000\040\000A\000\040\000M\000a\000t\000h\000e\000m\000a\000t\000i\000c\000a\000l\000\040\000M\000a\000p\000\040\000t\000o\000\040\000C\000a\000r\000e\000e\000r\000\040\000C\000h\000o\000i\000c\000e\000\040\000a\000n\000d\000\040\000C\000a\000r\000e\000e\000r\000\040\000D\000e\000v\000e\000l\000o\000p\000m\000e\000n\000t}{section.10}% 74
\BOOKMARK [2][-]{subsection.10.11}{\376\377\000L\000e\000t\000t\000e\000r\000-\000S\000h\000a\000p\000e\000d\000\040\000C\000a\000r\000e\000e\000r\000\040\000P\000r\000o\000f\000i\000l\000e\000s\000:\000\040\000A\000\040\000G\000e\000n\000e\000r\000a\000l\000i\000z\000a\000t\000i\000o\000n\000\040\000o\000f\000\040\000`\000`\000T\000-\000S\000h\000a\000p\000e\000d\000\040\000S\000k\000i\000l\000l\000s\000'\000'}{section.10}% 75
\BOOKMARK [2][-]{subsection.10.12}{\376\377\000F\000a\000c\000t\000o\000r\000-\000A\000n\000a\000l\000y\000z\000i\000n\000g\000\040\000t\000h\000e\000\040\000O\000c\000c\000u\000p\000a\000t\000i\000o\000n\000a\000l\000\040\000I\000n\000f\000o\000r\000m\000a\000t\000i\000o\000n\000\040\000N\000e\000t\000w\000o\000r\000k\000\040\000D\000a\000t\000a\000b\000a\000s\000e}{section.10}% 76
\BOOKMARK [2][-]{subsection.10.13}{\376\377\000C\000a\000r\000e\000e\000r\000\040\000T\000y\000p\000e\000s\000\040\000f\000o\000r\000\040\000t\000h\000e\000\040\000O\000c\000c\000u\000p\000a\000t\000i\000o\000n\000a\000l\000\040\000I\000n\000f\000o\000r\000m\000a\000t\000i\000o\000n\000\040\000N\000e\000t\000w\000o\000r\000k\000\040\000D\000a\000t\000a\000b\000a\000s\000e}{section.10}% 77
\BOOKMARK [2][-]{subsection.10.14}{\376\377\000F\000a\000c\000t\000o\000r\000-\000A\000n\000a\000l\000y\000t\000i\000c\000\040\000C\000o\000m\000p\000a\000r\000a\000t\000i\000v\000e\000\040\000S\000t\000a\000t\000i\000c\000s\000:\000\040\000E\000s\000t\000i\000m\000a\000t\000i\000n\000g\000\040\000E\000x\000o\000g\000e\000n\000o\000u\000s\000\040\000I\000m\000p\000a\000c\000t\000s\000\040\000o\000n\000\040\000t\000h\000e\000\040\000L\000a\000b\000o\000r\000\040\000M\000a\000r\000k\000e\000t}{section.10}% 78
\BOOKMARK [2][-]{subsection.10.15}{\376\377\000F\000a\000c\000t\000o\000r\000-\000A\000n\000a\000l\000y\000t\000i\000c\000\040\000I\000n\000t\000e\000l\000l\000i\000g\000e\000n\000c\000e\000\040\000Q\000u\000o\000t\000i\000e\000n\000t\000\040\000A\000p\000p\000r\000o\000x\000i\000m\000a\000t\000i\000o\000n}{section.10}% 79
